[2025-08-05 11:03:33] [main] DEBUG org.testng.TestNG - suiteXmlPath: "C:\Users\Pika\AppData\Local\Temp\testng-eclipse--1130723342\testng-customsuite.xml"
[2025-08-05 11:03:33] [main] INFO  org.testng.internal.Utils - [Utils] MethodGroupsHelper.collectMethodsByGroup() took 0 ms.
[2025-08-05 11:03:33] [main] INFO  org.testng.internal.Utils - [Utils] MethodGroupsHelper.sortMethods() took 0 ms.
[2025-08-05 11:03:33] [main] INFO  org.testng.internal.Utils - [Utils] MethodGroupsHelper.collectMethodsByGroup() took 0 ms.
[2025-08-05 11:03:33] [main] INFO  org.testng.internal.Utils - [Utils] MethodGroupsHelper.sortMethods() took 0 ms.
[2025-08-05 11:03:33] [main] INFO  org.testng.internal.Utils - [Utils] MethodGroupsHelper.collectMethodsByGroup() took 0 ms.
[2025-08-05 11:03:33] [main] INFO  org.testng.internal.Utils - [Utils] MethodGroupsHelper.sortMethods() took 0 ms.
[2025-08-05 11:03:33] [main] INFO  org.testng.internal.Utils - [Utils] MethodGroupsHelper.collectMethodsByGroup() took 0 ms.
[2025-08-05 11:03:33] [main] INFO  org.testng.internal.Utils - [Utils] MethodGroupsHelper.sortMethods() took 0 ms.
[2025-08-05 11:03:33] [main] INFO  org.testng.internal.Utils - [Utils] MethodGroupsHelper.collectMethodsByGroup() took 4 ms.
[2025-08-05 11:03:33] [main] INFO  org.testng.internal.Utils - [Utils] MethodGroupsHelper.sortMethods() took 5 ms.
[2025-08-05 11:03:33] [main] INFO  org.testng.internal.Utils - [Utils] MethodGroupsHelper.collectMethodsByGroup() took 0 ms.
[2025-08-05 11:03:33] [main] INFO  org.testng.internal.Utils - [Utils] MethodGroupsHelper.sortMethods() took 0 ms.
[2025-08-05 11:03:33] [main] INFO  org.testng.internal.Utils - [Utils] MethodGroupsHelper.collectMethodsByGroup() took 0 ms.
[2025-08-05 11:03:33] [main] INFO  org.testng.internal.Utils - [Utils] MethodGroupsHelper.sortMethods() took 0 ms.
[2025-08-05 11:03:33] [main] INFO  org.testng.internal.Utils - [Utils] MethodGroupsHelper.collectMethodsByGroup() took 0 ms.
[2025-08-05 11:03:33] [main] INFO  org.testng.internal.Utils - [Utils] MethodGroupsHelper.sortMethods() took 0 ms.
[2025-08-05 11:03:33] [main] INFO  org.testng.internal.Utils - [Utils] MethodGroupsHelper.collectMethodsByGroup() took 0 ms.
[2025-08-05 11:03:33] [main] INFO  org.testng.internal.Utils - [Utils] MethodGroupsHelper.sortMethods() took 0 ms.
[2025-08-05 11:03:33] [main] INFO  org.testng.internal.Utils - [Utils] MethodGroupsHelper.collectMethodsByGroup() took 0 ms.
[2025-08-05 11:03:33] [main] INFO  org.testng.internal.Utils - [Utils] MethodGroupsHelper.sortMethods() took 0 ms.
[2025-08-05 11:03:33] [main] INFO  org.testng.internal.Utils - [Utils] MethodGroupsHelper.collectMethodsByGroup() took 0 ms.
[2025-08-05 11:03:33] [main] INFO  org.testng.internal.Utils - [Utils] MethodGroupsHelper.sortMethods() took 0 ms.
[2025-08-05 11:03:33] [main] INFO  org.testng.internal.Utils - [Utils] MethodGroupsHelper.collectMethodsByGroup() took 0 ms.
[2025-08-05 11:03:33] [main] INFO  org.testng.internal.Utils - [Utils] MethodGroupsHelper.sortMethods() took 0 ms.
[2025-08-05 11:03:33] [main] INFO  org.testng.internal.Utils - [Utils] MethodGroupsHelper.collectMethodsByGroup() took 0 ms.
[2025-08-05 11:03:33] [main] INFO  org.testng.internal.Utils - [Utils] MethodGroupsHelper.sortMethods() took 0 ms.
[2025-08-05 11:03:33] [main] INFO  org.testng.internal.Utils - [Utils] MethodGroupsHelper.collectMethodsByGroup() took 0 ms.
[2025-08-05 11:03:33] [main] INFO  org.testng.internal.Utils - [Utils] MethodGroupsHelper.sortMethods() took 0 ms.
[2025-08-05 11:03:33] [main] INFO  org.testng.internal.Utils - [Utils] MethodGroupsHelper.collectMethodsByGroup() took 0 ms.
[2025-08-05 11:03:33] [main] INFO  org.testng.internal.Utils - [Utils] MethodGroupsHelper.sortMethods() took 0 ms.
[2025-08-05 11:03:33] [main] INFO  org.testng.internal.Utils - [TestNG] Running:
  C:\Users\Pika\AppData\Local\Temp\testng-eclipse--1130723342\testng-customsuite.xml

[2025-08-05 11:03:33] [main] INFO  org.testng.internal.Utils - [Utils] DynamicGraphHelper.createDynamicGraph() took 3 ms.
[2025-08-05 11:03:38] [main] INFO  testCases.TC001_accountRegistration - Click Register link
[2025-08-05 11:03:39] [main] INFO  testCases.TC001_accountRegistration - Fill user info
[2025-08-05 11:03:39] [main] INFO  testCases.TC001_accountRegistration - Click Register button
[2025-08-05 11:03:39] [main] INFO  testCases.TC001_accountRegistration - Validate successful registration
[2025-08-05 11:03:40] [main] INFO  testCases.TC001_accountRegistration - Send newly created account to config.properties
[2025-08-05 11:03:40] [main] INFO  org.testng.internal.Utils - [TestNG] Time taken by org.testng.reporters.jq.Main@1949309d: 52 ms
[2025-08-05 11:03:40] [main] INFO  org.testng.internal.Utils - [TestNG] Time taken by org.testng.reporters.FailedReporter@31da6b2e: 1 ms
[2025-08-05 11:03:40] [main] INFO  org.testng.internal.Utils - [TestNG] Time taken by org.testng.reporters.XMLReporter@27c04377: 10 ms
[2025-08-05 11:03:40] [main] INFO  org.testng.internal.Utils - [TestNG] Time taken by org.testng.reporters.EmailableReporter2@3b0ee03a: 7 ms
[2025-08-05 11:03:40] [main] INFO  org.testng.internal.Utils - [TestNG] Time taken by org.testng.reporters.JUnitReportReporter@2c306a57: 6 ms
[2025-08-05 11:03:40] [main] INFO  org.testng.internal.Utils - [TestNG] Time taken by org.testng.internal.ExitCodeListener@773e2eb5: 0 ms
