[2025-08-04 11:17:44] [main] DEBUG org.testng.TestNG - suiteXmlPath: "D:\Eclipse Workspace\Parabank\xml\multipleBrowserTest.xml"
[2025-08-04 11:17:44] [main] INFO  org.testng.internal.Utils - [TestNG] Running:
  D:\Eclipse Workspace\Parabank\xml\multipleBrowserTest.xml

[2025-08-04 11:17:49] [TestNG-tests-2] INFO  testCases.TC001_accountRegistration - Click Register link
[2025-08-04 11:17:50] [TestNG-tests-2] INFO  testCases.TC001_accountRegistration - Fill user info
[2025-08-04 11:17:50] [TestNG-tests-2] INFO  testCases.TC001_accountRegistration - Click Register button
[2025-08-04 11:17:50] [TestNG-tests-2] INFO  testCases.TC001_accountRegistration - Validate successful registration
[2025-08-04 11:17:50] [TestNG-tests-2] INFO  testCases.TC001_accountRegistration - Send newly created account to config.properties
[2025-08-04 11:17:50] [TestNG-tests-1] INFO  testCases.TC001_accountRegistration - Click Register link
[2025-08-04 11:17:51] [TestNG-tests-3] INFO  testCases.TC001_accountRegistration - Click Register link
[2025-08-04 11:17:51] [TestNG-tests-1] INFO  testCases.TC001_accountRegistration - Fill user info
[2025-08-04 11:17:51] [TestNG-tests-3] INFO  testCases.TC001_accountRegistration - Fill user info
[2025-08-04 11:17:52] [TestNG-tests-1] INFO  testCases.TC001_accountRegistration - Click Register button
[2025-08-04 11:17:52] [TestNG-tests-1] INFO  testCases.TC001_accountRegistration - Validate successful registration
[2025-08-04 11:17:52] [TestNG-tests-1] INFO  testCases.TC001_accountRegistration - Send newly created account to config.properties
[2025-08-04 11:17:52] [TestNG-tests-3] INFO  testCases.TC001_accountRegistration - Click Register button
[2025-08-04 11:17:52] [TestNG-tests-3] INFO  testCases.TC001_accountRegistration - Validate successful registration
[2025-08-04 11:17:52] [TestNG-tests-3] INFO  testCases.TC001_accountRegistration - Send newly created account to config.properties
[2025-08-04 11:17:53] [TestNG-tests-2] INFO  testCases.TC003_login - Fill username & passowrd
[2025-08-04 11:17:54] [TestNG-tests-1] INFO  testCases.TC003_login - Fill username & passowrd
[2025-08-04 11:17:54] [TestNG-tests-2] INFO  testCases.TC003_login - Click login button
[2025-08-04 11:17:54] [TestNG-tests-2] INFO  testCases.TC003_login - Validate Login successful
[2025-08-04 11:17:56] [TestNG-tests-1] INFO  testCases.TC003_login - Click login button
[2025-08-04 11:17:56] [TestNG-tests-1] INFO  testCases.TC003_login - Validate Login successful
[2025-08-04 11:17:57] [TestNG-tests-3] INFO  testCases.TC003_login - Fill username & passowrd
[2025-08-04 11:17:57] [TestNG-tests-2] INFO  testCases.TC004_billPayment - Login process
[2025-08-04 11:17:58] [TestNG-tests-1] INFO  testCases.TC004_billPayment - Login process
[2025-08-04 11:17:58] [TestNG-tests-3] INFO  testCases.TC003_login - Click login button
[2025-08-04 11:17:58] [TestNG-tests-3] INFO  testCases.TC003_login - Validate Login successful
[2025-08-04 11:18:03] [TestNG-tests-3] INFO  testCases.TC004_billPayment - Login process
