[2025-08-05 10:51:14] [main] DEBUG org.testng.TestNG - suiteXmlPath: "C:\Users\Pika\AppData\Local\Temp\testng-eclipse--489007028\testng-customsuite.xml"
[2025-08-05 10:51:14] [main] INFO  org.testng.internal.Utils - [Utils] MethodGroupsHelper.collectMethodsByGroup() took 1 ms.
[2025-08-05 10:51:14] [main] INFO  org.testng.internal.Utils - [Utils] MethodGroupsHelper.sortMethods() took 1 ms.
[2025-08-05 10:51:14] [main] INFO  org.testng.internal.Utils - [Utils] MethodGroupsHelper.collectMethodsByGroup() took 0 ms.
[2025-08-05 10:51:14] [main] INFO  org.testng.internal.Utils - [Utils] MethodGroupsHelper.sortMethods() took 0 ms.
[2025-08-05 10:51:14] [main] INFO  org.testng.internal.Utils - [Utils] MethodGroupsHelper.collectMethodsByGroup() took 0 ms.
[2025-08-05 10:51:14] [main] INFO  org.testng.internal.Utils - [Utils] MethodGroupsHelper.sortMethods() took 0 ms.
[2025-08-05 10:51:14] [main] INFO  org.testng.internal.Utils - [Utils] MethodGroupsHelper.collectMethodsByGroup() took 0 ms.
[2025-08-05 10:51:14] [main] INFO  org.testng.internal.Utils - [Utils] MethodGroupsHelper.sortMethods() took 0 ms.
[2025-08-05 10:51:14] [main] INFO  org.testng.internal.Utils - [Utils] MethodGroupsHelper.collectMethodsByGroup() took 5 ms.
[2025-08-05 10:51:14] [main] INFO  org.testng.internal.Utils - [Utils] MethodGroupsHelper.sortMethods() took 11 ms.
[2025-08-05 10:51:14] [main] INFO  org.testng.internal.Utils - [Utils] MethodGroupsHelper.collectMethodsByGroup() took 0 ms.
[2025-08-05 10:51:14] [main] INFO  org.testng.internal.Utils - [Utils] MethodGroupsHelper.sortMethods() took 0 ms.
[2025-08-05 10:51:14] [main] INFO  org.testng.internal.Utils - [Utils] MethodGroupsHelper.collectMethodsByGroup() took 0 ms.
[2025-08-05 10:51:14] [main] INFO  org.testng.internal.Utils - [Utils] MethodGroupsHelper.sortMethods() took 0 ms.
[2025-08-05 10:51:14] [main] INFO  org.testng.internal.Utils - [Utils] MethodGroupsHelper.collectMethodsByGroup() took 0 ms.
[2025-08-05 10:51:14] [main] INFO  org.testng.internal.Utils - [Utils] MethodGroupsHelper.sortMethods() took 0 ms.
[2025-08-05 10:51:14] [main] INFO  org.testng.internal.Utils - [Utils] MethodGroupsHelper.collectMethodsByGroup() took 0 ms.
[2025-08-05 10:51:14] [main] INFO  org.testng.internal.Utils - [Utils] MethodGroupsHelper.sortMethods() took 0 ms.
[2025-08-05 10:51:14] [main] INFO  org.testng.internal.Utils - [Utils] MethodGroupsHelper.collectMethodsByGroup() took 0 ms.
[2025-08-05 10:51:14] [main] INFO  org.testng.internal.Utils - [Utils] MethodGroupsHelper.sortMethods() took 0 ms.
[2025-08-05 10:51:14] [main] INFO  org.testng.internal.Utils - [Utils] MethodGroupsHelper.collectMethodsByGroup() took 0 ms.
[2025-08-05 10:51:14] [main] INFO  org.testng.internal.Utils - [Utils] MethodGroupsHelper.sortMethods() took 0 ms.
[2025-08-05 10:51:14] [main] INFO  org.testng.internal.Utils - [Utils] MethodGroupsHelper.collectMethodsByGroup() took 0 ms.
[2025-08-05 10:51:14] [main] INFO  org.testng.internal.Utils - [Utils] MethodGroupsHelper.sortMethods() took 0 ms.
[2025-08-05 10:51:14] [main] INFO  org.testng.internal.Utils - [Utils] MethodGroupsHelper.collectMethodsByGroup() took 1 ms.
[2025-08-05 10:51:14] [main] INFO  org.testng.internal.Utils - [Utils] MethodGroupsHelper.sortMethods() took 0 ms.
[2025-08-05 10:51:14] [main] INFO  org.testng.internal.Utils - [Utils] MethodGroupsHelper.collectMethodsByGroup() took 0 ms.
[2025-08-05 10:51:14] [main] INFO  org.testng.internal.Utils - [Utils] MethodGroupsHelper.sortMethods() took 0 ms.
[2025-08-05 10:51:14] [main] INFO  org.testng.internal.Utils - [Utils] MethodGroupsHelper.collectMethodsByGroup() took 0 ms.
[2025-08-05 10:51:14] [main] INFO  org.testng.internal.Utils - [Utils] MethodGroupsHelper.sortMethods() took 0 ms.
[2025-08-05 10:51:14] [main] INFO  org.testng.internal.Utils - [TestNG] Running:
  C:\Users\Pika\AppData\Local\Temp\testng-eclipse--489007028\testng-customsuite.xml

[2025-08-05 10:51:14] [main] INFO  org.testng.internal.Utils - [Utils] DynamicGraphHelper.createDynamicGraph() took 7 ms.
[2025-08-05 10:51:27] [main] INFO  testCases.TC001_accountRegistration - Click Register link
[2025-08-05 10:51:28] [main] INFO  testCases.TC001_accountRegistration - Fill user info
[2025-08-05 10:51:29] [main] INFO  testCases.TC001_accountRegistration - Click Register button
[2025-08-05 10:51:29] [main] INFO  testCases.TC001_accountRegistration - Validate successful registration
[2025-08-05 10:51:29] [main] INFO  testCases.TC001_accountRegistration - Send newly created account to config.properties
[2025-08-05 10:51:29] [main] INFO  org.testng.internal.Utils - [TestNG] Time taken by org.testng.reporters.jq.Main@257cc1fc: 74 ms
[2025-08-05 10:51:29] [main] INFO  org.testng.internal.Utils - [TestNG] Time taken by org.testng.reporters.FailedReporter@1949309d: 3 ms
[2025-08-05 10:51:29] [main] INFO  org.testng.internal.Utils - [TestNG] Time taken by org.testng.reporters.XMLReporter@515ebef3: 7 ms
[2025-08-05 10:51:29] [main] INFO  org.testng.internal.Utils - [TestNG] Time taken by org.testng.reporters.EmailableReporter2@4349754: 8 ms
[2025-08-05 10:51:29] [main] INFO  org.testng.internal.Utils - [TestNG] Time taken by org.testng.reporters.JUnitReportReporter@6b760460: 6 ms
[2025-08-05 10:51:29] [main] INFO  org.testng.internal.Utils - [TestNG] Time taken by org.testng.internal.ExitCodeListener@796065aa: 0 ms
