[2025-08-04 11:49:44] [main] DEBUG org.testng.TestNG - suiteXmlPath: "D:\Eclipse Workspace\Parabank\xml\multipleBrowserTest.xml"
[2025-08-04 11:49:44] [main] INFO  org.testng.internal.Utils - [TestNG] Running:
  D:\Eclipse Workspace\Parabank\xml\multipleBrowserTest.xml

[2025-08-04 11:49:48] [TestNG-tests-2] INFO  testCases.TC001_accountRegistration - Click Register link
[2025-08-04 11:49:49] [TestNG-tests-2] INFO  testCases.TC001_accountRegistration - Fill user info
[2025-08-04 11:49:49] [TestNG-tests-1] INFO  testCases.TC001_accountRegistration - Click Register link
[2025-08-04 11:49:49] [TestNG-tests-2] INFO  testCases.TC001_accountRegistration - Click Register button
[2025-08-04 11:49:49] [TestNG-tests-2] INFO  testCases.TC001_accountRegistration - Validate successful registration
[2025-08-04 11:49:49] [TestNG-tests-2] INFO  testCases.TC001_accountRegistration - Send newly created account to config.properties
[2025-08-04 11:49:49] [TestNG-tests-1] INFO  testCases.TC001_accountRegistration - Fill user info
[2025-08-04 11:49:49] [TestNG-tests-3] INFO  testCases.TC001_accountRegistration - Click Register link
[2025-08-04 11:49:50] [TestNG-tests-3] INFO  testCases.TC001_accountRegistration - Fill user info
[2025-08-04 11:49:50] [TestNG-tests-1] INFO  testCases.TC001_accountRegistration - Click Register button
[2025-08-04 11:49:50] [TestNG-tests-1] INFO  testCases.TC001_accountRegistration - Validate successful registration
[2025-08-04 11:49:50] [TestNG-tests-1] INFO  testCases.TC001_accountRegistration - Send newly created account to config.properties
[2025-08-04 11:49:50] [TestNG-tests-3] INFO  testCases.TC001_accountRegistration - Click Register button
[2025-08-04 11:49:50] [TestNG-tests-3] INFO  testCases.TC001_accountRegistration - Validate successful registration
[2025-08-04 11:49:50] [TestNG-tests-3] INFO  testCases.TC001_accountRegistration - Send newly created account to config.properties
[2025-08-04 11:49:53] [TestNG-tests-2] INFO  testCases.TC003_login - Fill username & passowrd
[2025-08-04 11:49:53] [TestNG-tests-1] INFO  testCases.TC003_login - Fill username & passowrd
[2025-08-04 11:49:54] [TestNG-tests-2] INFO  testCases.TC003_login - Click login button
[2025-08-04 11:49:54] [TestNG-tests-2] INFO  testCases.TC003_login - Validate Login successful
[2025-08-04 11:49:54] [TestNG-tests-1] INFO  testCases.TC003_login - Click login button
[2025-08-04 11:49:54] [TestNG-tests-1] INFO  testCases.TC003_login - Validate Login successful
[2025-08-04 11:49:56] [TestNG-tests-3] INFO  testCases.TC003_login - Fill username & passowrd
[2025-08-04 11:49:57] [TestNG-tests-2] INFO  testCases.TC004_billPayment - Login process
[2025-08-04 11:49:57] [TestNG-tests-1] INFO  testCases.TC004_billPayment - Login process
[2025-08-04 11:49:57] [TestNG-tests-3] INFO  testCases.TC003_login - Click login button
[2025-08-04 11:49:57] [TestNG-tests-3] INFO  testCases.TC003_login - Validate Login successful
[2025-08-04 11:49:58] [TestNG-tests-2] INFO  testCases.TC004_billPayment - click Bill Pay
[2025-08-04 11:49:58] [TestNG-tests-1] INFO  testCases.TC004_billPayment - click Bill Pay
[2025-08-04 11:49:58] [TestNG-tests-2] INFO  testCases.TC004_billPayment - Fill payment info
[2025-08-04 11:49:59] [TestNG-tests-2] INFO  testCases.TC004_billPayment - Click Send Payment button
[2025-08-04 11:49:59] [TestNG-tests-1] INFO  testCases.TC004_billPayment - Fill payment info
[2025-08-04 11:49:59] [TestNG-tests-1] INFO  testCases.TC004_billPayment - Click Send Payment button
[2025-08-04 11:49:59] [TestNG-tests-2] INFO  testCases.TC004_billPayment - Validating payment
[2025-08-04 11:49:59] [TestNG-tests-1] INFO  testCases.TC004_billPayment - Validating payment
[2025-08-04 11:50:02] [TestNG-tests-3] INFO  testCases.TC004_billPayment - Login process
[2025-08-04 11:50:03] [TestNG-tests-3] INFO  testCases.TC004_billPayment - click Bill Pay
[2025-08-04 11:50:03] [TestNG-tests-3] INFO  testCases.TC004_billPayment - Fill payment info
[2025-08-04 11:50:03] [TestNG-tests-3] INFO  testCases.TC004_billPayment - Click Send Payment button
[2025-08-04 11:50:04] [TestNG-tests-3] INFO  testCases.TC004_billPayment - Validating payment
