[2025-08-05 11:15:30] [main] DEBUG org.testng.TestNG - suiteXmlPath: "C:\Users\Pika\AppData\Local\Temp\testng-eclipse-1100658291\testng-customsuite.xml"
[2025-08-05 11:15:30] [main] INFO  org.testng.internal.Utils - [Utils] MethodGroupsHelper.collectMethodsByGroup() took 0 ms.
[2025-08-05 11:15:30] [main] INFO  org.testng.internal.Utils - [Utils] MethodGroupsHelper.sortMethods() took 0 ms.
[2025-08-05 11:15:30] [main] INFO  org.testng.internal.Utils - [Utils] MethodGroupsHelper.collectMethodsByGroup() took 0 ms.
[2025-08-05 11:15:30] [main] INFO  org.testng.internal.Utils - [Utils] MethodGroupsHelper.sortMethods() took 0 ms.
[2025-08-05 11:15:30] [main] INFO  org.testng.internal.Utils - [Utils] MethodGroupsHelper.collectMethodsByGroup() took 0 ms.
[2025-08-05 11:15:30] [main] INFO  org.testng.internal.Utils - [Utils] MethodGroupsHelper.sortMethods() took 0 ms.
[2025-08-05 11:15:30] [main] INFO  org.testng.internal.Utils - [Utils] MethodGroupsHelper.collectMethodsByGroup() took 0 ms.
[2025-08-05 11:15:30] [main] INFO  org.testng.internal.Utils - [Utils] MethodGroupsHelper.sortMethods() took 0 ms.
[2025-08-05 11:15:30] [main] INFO  org.testng.internal.Utils - [Utils] MethodGroupsHelper.collectMethodsByGroup() took 3 ms.
[2025-08-05 11:15:30] [main] INFO  org.testng.internal.Utils - [Utils] MethodGroupsHelper.sortMethods() took 6 ms.
[2025-08-05 11:15:30] [main] INFO  org.testng.internal.Utils - [Utils] MethodGroupsHelper.collectMethodsByGroup() took 0 ms.
[2025-08-05 11:15:30] [main] INFO  org.testng.internal.Utils - [Utils] MethodGroupsHelper.sortMethods() took 0 ms.
[2025-08-05 11:15:30] [main] INFO  org.testng.internal.Utils - [Utils] MethodGroupsHelper.collectMethodsByGroup() took 0 ms.
[2025-08-05 11:15:30] [main] INFO  org.testng.internal.Utils - [Utils] MethodGroupsHelper.sortMethods() took 0 ms.
[2025-08-05 11:15:30] [main] INFO  org.testng.internal.Utils - [Utils] MethodGroupsHelper.collectMethodsByGroup() took 0 ms.
[2025-08-05 11:15:30] [main] INFO  org.testng.internal.Utils - [Utils] MethodGroupsHelper.sortMethods() took 0 ms.
[2025-08-05 11:15:30] [main] INFO  org.testng.internal.Utils - [Utils] MethodGroupsHelper.collectMethodsByGroup() took 0 ms.
[2025-08-05 11:15:30] [main] INFO  org.testng.internal.Utils - [Utils] MethodGroupsHelper.sortMethods() took 0 ms.
[2025-08-05 11:15:30] [main] INFO  org.testng.internal.Utils - [Utils] MethodGroupsHelper.collectMethodsByGroup() took 0 ms.
[2025-08-05 11:15:30] [main] INFO  org.testng.internal.Utils - [Utils] MethodGroupsHelper.sortMethods() took 0 ms.
[2025-08-05 11:15:30] [main] INFO  org.testng.internal.Utils - [Utils] MethodGroupsHelper.collectMethodsByGroup() took 0 ms.
[2025-08-05 11:15:30] [main] INFO  org.testng.internal.Utils - [Utils] MethodGroupsHelper.sortMethods() took 0 ms.
[2025-08-05 11:15:30] [main] INFO  org.testng.internal.Utils - [Utils] MethodGroupsHelper.collectMethodsByGroup() took 0 ms.
[2025-08-05 11:15:30] [main] INFO  org.testng.internal.Utils - [Utils] MethodGroupsHelper.sortMethods() took 0 ms.
[2025-08-05 11:15:30] [main] INFO  org.testng.internal.Utils - [Utils] MethodGroupsHelper.collectMethodsByGroup() took 1 ms.
[2025-08-05 11:15:30] [main] INFO  org.testng.internal.Utils - [Utils] MethodGroupsHelper.sortMethods() took 0 ms.
[2025-08-05 11:15:30] [main] INFO  org.testng.internal.Utils - [Utils] MethodGroupsHelper.collectMethodsByGroup() took 0 ms.
[2025-08-05 11:15:30] [main] INFO  org.testng.internal.Utils - [Utils] MethodGroupsHelper.sortMethods() took 0 ms.
[2025-08-05 11:15:30] [main] INFO  org.testng.internal.Utils - [Utils] MethodGroupsHelper.collectMethodsByGroup() took 0 ms.
[2025-08-05 11:15:30] [main] INFO  org.testng.internal.Utils - [Utils] MethodGroupsHelper.sortMethods() took 0 ms.
[2025-08-05 11:15:30] [main] INFO  org.testng.internal.Utils - [TestNG] Running:
  C:\Users\Pika\AppData\Local\Temp\testng-eclipse-1100658291\testng-customsuite.xml

[2025-08-05 11:15:30] [main] INFO  org.testng.internal.Utils - [Utils] DynamicGraphHelper.createDynamicGraph() took 3 ms.
[2025-08-05 11:15:34] [main] INFO  testCases.TC003_login - Fill username & passowrd
[2025-08-05 11:15:35] [main] INFO  testCases.TC003_login - Click login button
[2025-08-05 11:15:35] [main] INFO  testCases.TC003_login - Validate Login successful
[2025-08-05 11:15:35] [main] INFO  org.testng.internal.Utils - [TestNG] Time taken by org.testng.reporters.jq.Main@aa10649: 35 ms
[2025-08-05 11:15:35] [main] INFO  org.testng.internal.Utils - [TestNG] Time taken by org.testng.reporters.FailedReporter@2eb79cbe: 1 ms
[2025-08-05 11:15:35] [main] INFO  org.testng.internal.Utils - [TestNG] Time taken by org.testng.reporters.XMLReporter@5bfc257: 8 ms
[2025-08-05 11:15:35] [main] INFO  org.testng.internal.Utils - [TestNG] Time taken by org.testng.reporters.EmailableReporter2@1bcb79c2: 4 ms
[2025-08-05 11:15:35] [main] INFO  org.testng.internal.Utils - [TestNG] Time taken by org.testng.reporters.JUnitReportReporter@79a1728c: 5 ms
[2025-08-05 11:15:35] [main] INFO  org.testng.internal.Utils - [TestNG] Time taken by org.testng.internal.ExitCodeListener@a7f0ab6: 0 ms
